<?xml version="1.0" encoding="UTF-8"?>
<!-- Generated by org.testng.reporters.JUnitReportReporter -->
<testsuite hostname="administrator-H110M-S2" failures="0" tests="2" name="org.demo.Installation" time="0.099" errors="0" timestamp="13 Oct 2023 05:45:03 GMT" skipped="0">
  <testcase classname="org.demo.Installation" name="listitemsselection" time="0.098"/>
  <testcase classname="org.demo.Installation" name="run3" time="0.001"/>
</testsuite> <!-- org.demo.Installation -->
